0 info it worked if it ends with ok
1 verbose cli [ '/usr/bin/nodejs', '/usr/bin/npm', 'install', '0.11.13' ]
2 info using npm@1.3.10
3 info using node@v0.10.25
4 warn package.json mongodb@2.1.18 No README data
5 verbose cache add [ '0.11.13', null ]
6 verbose cache add name=undefined spec="0.11.13" args=["0.11.13",null]
7 verbose parsed url { protocol: null,
7 verbose parsed url   slashes: null,
7 verbose parsed url   auth: null,
7 verbose parsed url   host: null,
7 verbose parsed url   port: null,
7 verbose parsed url   hostname: null,
7 verbose parsed url   hash: null,
7 verbose parsed url   search: null,
7 verbose parsed url   query: null,
7 verbose parsed url   pathname: '0.11.13',
7 verbose parsed url   path: '0.11.13',
7 verbose parsed url   href: '0.11.13' }
8 silly lockFile bd0b8df1-0-11-13 0.11.13
9 verbose lock 0.11.13 /root/.npm/bd0b8df1-0-11-13.lock
10 silly lockFile bd0b8df1-0-11-13 0.11.13
11 silly lockFile bd0b8df1-0-11-13 0.11.13
12 verbose addNamed [ '0.11.13', '' ]
13 verbose addNamed [ null, '*' ]
14 silly lockFile 1a476040-0-11-13 0.11.13@
15 verbose lock 0.11.13@ /root/.npm/1a476040-0-11-13.lock
16 silly addNameRange { name: '0.11.13', range: '*', hasData: false }
17 verbose url raw 0.11.13
18 verbose url resolving [ 'https://registry.npmjs.org/', './0.11.13' ]
19 verbose url resolved https://registry.npmjs.org/0.11.13
20 info trying registry request attempt 1 at 02:06:44
21 http GET https://registry.npmjs.org/0.11.13
22 http 404 https://registry.npmjs.org/0.11.13
23 silly registry.get cb [ 404,
23 silly registry.get   { date: 'Sat, 26 May 2018 02:06:44 GMT',
23 silly registry.get     'content-type': 'application/json',
23 silly registry.get     'content-length': '21',
23 silly registry.get     connection: 'keep-alive',
23 silly registry.get     'set-cookie': [ '__cfduid=d98aa3f655712a4524c2fb8397bd834541527300404; expires=Sun, 26-May-19 02:06:44 GMT; path=/; domain=.npmjs.org; HttpOnly; Secure' ],
23 silly registry.get     'cache-control': 'max-age=300',
23 silly registry.get     'cf-cache-status': 'MISS',
23 silly registry.get     'cf-ray': '420caf26599763e5-FRA',
23 silly registry.get     'expect-ct': 'max-age=604800, report-uri="https://report-uri.cloudflare.com/cdn-cgi/beacon/expect-ct"',
23 silly registry.get     vary: 'accept-encoding, accept',
23 silly registry.get     server: 'cloudflare' } ]
24 silly lockFile 1a476040-0-11-13 0.11.13@
25 silly lockFile 1a476040-0-11-13 0.11.13@
26 error Error: Not found : 0.11.13
26 error     at RegClient.<anonymous> (/usr/share/npm/node_modules/npm-registry-client/lib/request.js:272:14)
26 error     at Request.self.callback (/usr/lib/nodejs/request/index.js:148:22)
26 error     at Request.EventEmitter.emit (events.js:98:17)
26 error     at Request.<anonymous> (/usr/lib/nodejs/request/index.js:896:14)
26 error     at Request.EventEmitter.emit (events.js:117:20)
26 error     at IncomingMessage.<anonymous> (/usr/lib/nodejs/request/index.js:847:12)
26 error     at IncomingMessage.EventEmitter.emit (events.js:117:20)
26 error     at _stream_readable.js:920:16
26 error     at process._tickCallback (node.js:415:13)
27 error If you need help, you may report this log at:
27 error     <http://github.com/isaacs/npm/issues>
27 error or email it to:
27 error     <npm-@googlegroups.com>
28 error System Linux 4.15.13-x86_64-linode106
29 error command "/usr/bin/nodejs" "/usr/bin/npm" "install" "0.11.13"
30 error cwd /var/www/html/accranode
31 error node -v v0.10.25
32 error npm -v 1.3.10
33 verbose exit [ 1, true ]
